Disk Report -Wed Oct  1 11:25:06 AM EDT 2025
Filesystem      Size  Used Avail Use% Mounted on
tmpfs           387M  2.1M  385M   1% /run
/dev/sda2        20G  9.6G  9.0G  52% /
tmpfs           1.9G  4.0K  1.9G   1% /dev/shm
tmpfs           5.0M  8.0K  5.0M   1% /run/lock
tmpfs           387M  2.5M  385M   1% /run/user/1000
/dev/sr1        6.0G  6.0G     0 100% /media/josue/Ubuntu 24.04.3 LTS amd64
/dev/sr0         96M   96M     0 100% /media/josue/CDROM
------------------
Disk Report -Wed Oct  1 11:39:44 AM EDT 2025
Filesystem      Size  Used Avail Use% Mounted on
tmpfs           387M  2.1M  385M   1% /run
/dev/sda2        20G  9.6G  9.0G  52% /
tmpfs           1.9G  4.0K  1.9G   1% /dev/shm
tmpfs           5.0M  8.0K  5.0M   1% /run/lock
tmpfs           387M  2.5M  385M   1% /run/user/1000
/dev/sr1        6.0G  6.0G     0 100% /media/josue/Ubuntu 24.04.3 LTS amd64
/dev/sr0         96M   96M     0 100% /media/josue/CDROM
------------------
Disk Report -Wed Oct  1 11:40:41 AM EDT 2025
Filesystem      Size  Used Avail Use% Mounted on
tmpfs           387M  2.1M  385M   1% /run
/dev/sda2        20G  9.6G  9.0G  52% /
tmpfs           1.9G  4.0K  1.9G   1% /dev/shm
tmpfs           5.0M  8.0K  5.0M   1% /run/lock
tmpfs           387M  2.5M  385M   1% /run/user/1000
/dev/sr1        6.0G  6.0G     0 100% /media/josue/Ubuntu 24.04.3 LTS amd64
/dev/sr0         96M   96M     0 100% /media/josue/CDROM
------------------
